<?xml version="1.0"?>
<testsuites>
  <testsuite name="PhantomJS 1.9.8 (Windows 7)" package="" timestamp="2014-12-16T23:29:50" id="0" hostname="Marco-Notebook" tests="2" errors="0" failures="0" time="0.005">
    <properties>
      <property name="browser.fullName" value="Mozilla/5.0 (Windows NT 6.1; WOW64) AppleWebKit/534.34 (KHTML, like Gecko) PhantomJS/1.9.8 Safari/534.34"/>
    </properties>
    <testcase name="contains spec with an expectation" time="0.005" classname="PhantomJS 1.9.8 (Windows 7).smoke test"/>
    <testcase name="multiply dollars by scalar" time="0" classname="PhantomJS 1.9.8 (Windows 7).Money Kata"/>
    <system-out><![CDATA[
]]></system-out>
    <system-err/>
  </testsuite>
</testsuites>
